\BOOKMARK [0][-]{chapter.1}{Code Source TPI 2018}{}% 1
\BOOKMARK [1][-]{section.1.1}{CSS}{chapter.1}% 2
\BOOKMARK [2][-]{subsection.1.1.1}{main.css}{section.1.1}% 3
\BOOKMARK [1][-]{section.1.2}{HTML}{chapter.1}% 4
\BOOKMARK [2][-]{subsection.1.2.1}{add}{section.1.2}% 5
\BOOKMARK [2][-]{subsection.1.2.2}{adminReservation}{section.1.2}% 6
\BOOKMARK [2][-]{subsection.1.2.3}{adminUpdate}{section.1.2}% 7
\BOOKMARK [2][-]{subsection.1.2.4}{adminUsers}{section.1.2}% 8
\BOOKMARK [2][-]{subsection.1.2.5}{adminVehicle}{section.1.2}% 9
\BOOKMARK [2][-]{subsection.1.2.6}{changePassword}{section.1.2}% 10
\BOOKMARK [2][-]{subsection.1.2.7}{index}{section.1.2}% 11
\BOOKMARK [2][-]{subsection.1.2.8}{item}{section.1.2}% 12
\BOOKMARK [2][-]{subsection.1.2.9}{items}{section.1.2}% 13
\BOOKMARK [2][-]{subsection.1.2.10}{login}{section.1.2}% 14
\BOOKMARK [2][-]{subsection.1.2.11}{nav}{section.1.2}% 15
\BOOKMARK [2][-]{subsection.1.2.12}{register}{section.1.2}% 16
\BOOKMARK [2][-]{subsection.1.2.13}{updateUser}{section.1.2}% 17
\BOOKMARK [2][-]{subsection.1.2.14}{updateVehicle}{section.1.2}% 18
\BOOKMARK [2][-]{subsection.1.2.15}{user}{section.1.2}% 19
\BOOKMARK [1][-]{section.1.3}{PHP}{chapter.1}% 20
\BOOKMARK [2][-]{subsection.1.3.1}{bd}{section.1.3}% 21
\BOOKMARK [2][-]{subsection.1.3.2}{fonctionBD\137delete}{section.1.3}% 22
\BOOKMARK [2][-]{subsection.1.3.3}{fonctionBD\137insert}{section.1.3}% 23
\BOOKMARK [2][-]{subsection.1.3.4}{fonctionBD\137select}{section.1.3}% 24
\BOOKMARK [2][-]{subsection.1.3.5}{fonctionBD\137update}{section.1.3}% 25
\BOOKMARK [2][-]{subsection.1.3.6}{logout}{section.1.3}% 26
\BOOKMARK [2][-]{subsection.1.3.7}{reservation}{section.1.3}% 27
\BOOKMARK [1][-]{section.1.4}{JS}{chapter.1}% 28
\BOOKMARK [2][-]{subsection.1.4.1}{scrolling-nav}{section.1.4}% 29
\BOOKMARK [2][-]{subsection.1.4.2}{validate-addVehicle}{section.1.4}% 30
\BOOKMARK [2][-]{subsection.1.4.3}{validate-adminUpdateUser}{section.1.4}% 31
\BOOKMARK [2][-]{subsection.1.4.4}{validate-login}{section.1.4}% 32
\BOOKMARK [2][-]{subsection.1.4.5}{validate-password}{section.1.4}% 33
\BOOKMARK [2][-]{subsection.1.4.6}{validate-register}{section.1.4}% 34
\BOOKMARK [2][-]{subsection.1.4.7}{validate-updateUser}{section.1.4}% 35
\BOOKMARK [2][-]{subsection.1.4.8}{validate-updateVehicle}{section.1.4}% 36
